<?xml version="1.0" encoding="UTF-8"?>
<!-- Generated by org.testng.reporters.JUnitReportReporter -->
<testsuite hostname="ashutosh123" failures="0" tests="1" name="computer.TC_DWS_006_Test" time="2.881" errors="0" timestamp="2024-12-20T17:43:16 IST" skipped="0">
  <testcase classname="computer.TC_DWS_006_Test" name="clickOnComputers" time="2.881"/>
  <system-out/>
</testsuite> <!-- computer.TC_DWS_006_Test -->
