<?xml version="1.0" encoding="UTF-8"?>
<!-- Generated by org.testng.reporters.JUnitReportReporter -->
<testsuite hostname="ashutosh123" failures="0" tests="1" name="books.TC_DWS_005_Test" time="3.125" errors="0" timestamp="2024-12-20T16:53:13 IST" skipped="0">
  <testcase classname="books.TC_DWS_005_Test" name="clickOnBooks" time="3.125"/>
  <system-out/>
</testsuite> <!-- books.TC_DWS_005_Test -->
